<?xml version="1.0" encoding="utf-8"?>
<!DOCTYPE coverage SYSTEM "http://cobertura.sourceforge.net/xml/coverage-04.dtd">
<coverage line-rate="0.655439885690957" branch-rate="0.428730512249443" lines-covered="3211" lines-valid="4899" branches-covered="385" branches-valid="898" complexity="1511" version="0" timestamp="1713359868">
  <sources>
    <source>D:\vikto\source\repos\Cats-Cafe-Accounting-System\</source>
    <source>C:\</source>
  </sources>
  <packages>
    <package name="Cats-Cafe-Accounting-System" line-rate="0.477385377942999" branch-rate="0.419683257918552" complexity="1390">
      <classes>
        <class name="Cats_Cafe_Accounting_System.Models.EmployeeModel" filename="D:\vikto\source\repos\Cats-Cafe-Accounting-System\Cats-Cafe-Accounting-System\Models\EmployeeModel.cs" line-rate="1" branch-rate="1" complexity="17">
          <methods>
            <method name="get_Id" signature="()" line-rate="1" branch-rate="1" complexity="1">
              <lines>
                <line number="13" hits="544" branch="false" />
              </lines>
            </method>
            <method name="get_LastName" signature="()" line-rate="1" branch-rate="1" complexity="1">
              <lines>
                <line number="14" hits="711" branch="false" />
              </lines>
            </method>
            <method name="get_FirstName" signature="()" line-rate="1" branch-rate="1" complexity="1">
              <lines>
                <line number="15" hits="795" branch="false" />
              </lines>
            </method>
            <method name="get_Pathronymic" signature="()" line-rate="1" branch-rate="1" complexity="1">
              <lines>
                <line number="16" hits="676" branch="false" />
              </lines>
            </method>
            <method name="get_GenderId" signature="()" line-rate="1" branch-rate="1" complexity="1">
              <lines>
                <line number="17" hits="505" branch="false" />
              </lines>
            </method>
            <method name="get_Gender" signature="()" line-rate="1" branch-rate="1" complexity="1">
              <lines>
                <line number="19" hits="1015" branch="false" />
              </lines>
            </method>
            <method name="get_PhoneNumber" signature="()" line-rate="1" branch-rate="1" complexity="1">
              <lines>
                <line number="20" hits="612" branch="false" />
              </lines>
            </method>
            <method name="get_Birthday" signature="()" line-rate="1" branch-rate="1" complexity="1">
              <lines>
                <line number="21" hits="643" branch="false" />
              </lines>
            </method>
            <method name="get_JobId" signature="()" line-rate="1" branch-rate="1" complexity="1">
              <lines>
                <line number="22" hits="540" branch="false" />
              </lines>
            </method>
            <method name="get_Job" signature="()" line-rate="1" branch-rate="1" complexity="1">
              <lines>
                <line number="24" hits="980" branch="false" />
              </lines>
            </method>
            <method name="get_ContractNumber" signature="()" line-rate="1" branch-rate="1" complexity="1">
              <lines>
                <line number="25" hits="610" branch="false" />
              </lines>
            </method>
            <method name="get_Username" signature="()" line-rate="1" branch-rate="1" complexity="1">
              <lines>
                <line number="26" hits="540" branch="false" />
              </lines>
            </method>
            <method name="get_Password" signature="()" line-rate="1" branch-rate="1" complexity="1">
              <lines>
                <line number="27" hits="505" branch="false" />
              </lines>
            </method>
            <method name="get_Salt" signature="()" line-rate="1" branch-rate="1" complexity="1">
              <lines>
                <line number="28" hits="505" branch="false" />
              </lines>
            </method>
            <method name="Update" signature="(...)" line-rate="1" branch-rate="1" complexity="1">
              <lines>
                <line number="37" hits="1" branch="false" />
                <line number="38" hits="1" branch="false" />
                <line number="39" hits="1" branch="false" />
                <line number="40" hits="1" branch="false" />
                <line number="41" hits="1" branch="false" />
                <line number="42" hits="1" branch="false" />
                <line number="43" hits="1" branch="false" />
                <line number="44" hits="1" branch="false" />
                <line number="45" hits="1" branch="false" />
                <line number="46" hits="1" branch="false" />
                <line number="47" hits="1" branch="false" />
                <line number="48" hits="1" branch="false" />
                <line number="49" hits="1" branch="false" />
                <line number="50" hits="1" branch="false" />
                <line number="51" hits="1" branch="false" />
                <line number="52" hits="1" branch="false" />
              </lines>
            </method>
            <method name="Clone" signature="()" line-rate="1" branch-rate="1" complexity="1">
              <lines>
                <line number="55" hits="234" branch="false" />
                <line number="56" hits="234" branch="false" />
                <line number="57" hits="234" branch="false" />
                <line number="58" hits="234" branch="false" />
                <line number="59" hits="234" branch="false" />
                <line number="60" hits="234" branch="false" />
                <line number="61" hits="234" branch="false" />
                <line number="62" hits="234" branch="false" />
                <line number="63" hits="234" branch="false" />
                <line number="64" hits="234" branch="false" />
                <line number="65" hits="234" branch="false" />
                <line number="66" hits="234" branch="false" />
                <line number="67" hits="234" branch="false" />
                <line number="68" hits="234" branch="false" />
                <line number="69" hits="234" branch="false" />
                <line number="70" hits="234" branch="false" />
                <line number="71" hits="234" branch="false" />
                <line number="72" hits="234" branch="false" />
                <line number="73" hits="234" branch="false" />
              </lines>
            </method>
            <method name=".ctor" signature="()" line-rate="1" branch-rate="1" complexity="1">
              <lines>
                <line number="30" hits="337" branch="false" />
                <line number="31" hits="337" branch="false" />
                <line number="32" hits="337" branch="false" />
                <line number="33" hits="337" branch="false" />
                <line number="34" hits="337" branch="false" />
              </lines>
            </method>
          </methods>
          <lines>
            <line number="13" hits="544" branch="false" />
            <line number="14" hits="711" branch="false" />
            <line number="15" hits="795" branch="false" />
            <line number="16" hits="676" branch="false" />
            <line number="17" hits="505" branch="false" />
            <line number="19" hits="1015" branch="false" />
            <line number="20" hits="612" branch="false" />
            <line number="21" hits="643" branch="false" />
            <line number="22" hits="540" branch="false" />
            <line number="24" hits="980" branch="false" />
            <line number="25" hits="610" branch="false" />
            <line number="26" hits="540" branch="false" />
            <line number="27" hits="505" branch="false" />
            <line number="28" hits="505" branch="false" />
            <line number="30" hits="337" branch="false" />
            <line number="31" hits="337" branch="false" />
            <line number="32" hits="337" branch="false" />
            <line number="33" hits="337" branch="false" />
            <line number="34" hits="337" branch="false" />
            <line number="37" hits="1" branch="false" />
            <line number="38" hits="1" branch="false" />
            <line number="39" hits="1" branch="false" />
            <line number="40" hits="1" branch="false" />
            <line number="41" hits="1" branch="false" />
            <line number="42" hits="1" branch="false" />
            <line number="43" hits="1" branch="false" />
            <line number="44" hits="1" branch="false" />
            <line number="45" hits="1" branch="false" />
            <line number="46" hits="1" branch="false" />
            <line number="47" hits="1" branch="false" />
            <line number="48" hits="1" branch="false" />
            <line number="49" hits="1" branch="false" />
            <line number="50" hits="1" branch="false" />
            <line number="51" hits="1" branch="false" />
            <line number="52" hits="1" branch="false" />
            <line number="55" hits="234" branch="false" />
            <line number="56" hits="234" branch="false" />
            <line number="57" hits="234" branch="false" />
            <line number="58" hits="234" branch="false" />
            <line number="59" hits="234" branch="false" />
            <line number="60" hits="234" branch="false" />
            <line number="61" hits="234" branch="false" />
            <line number="62" hits="234" branch="false" />
            <line number="63" hits="234" branch="false" />
            <line number="64" hits="234" branch="false" />
            <line number="65" hits="234" branch="false" />
            <line number="66" hits="234" branch="false" />
            <line number="67" hits="234" branch="false" />
            <line number="68" hits="234" branch="false" />
            <line number="69" hits="234" branch="false" />
            <line number="70" hits="234" branch="false" />
            <line number="71" hits="234" branch="false" />
            <line number="72" hits="234" branch="false" />
            <line number="73" hits="234" branch="false" />
          </lines>
        </class>
        <class name="Cats_Cafe_Accounting_System.Models.EmployeeShiftLogEntryModel" filename="D:\vikto\source\repos\Cats-Cafe-Accounting-System\Cats-Cafe-Accounting-System\Models\EmployeeShiftLogEntryModel.cs" line-rate="0" branch-rate="0" complexity="26">
          <methods>
            <method name="get_Id" signature="()" line-rate="0" branch-rate="1" complexity="1">
              <lines>
                <line number="15" hits="0" branch="false" />
              </lines>
            </method>
            <method name="get_Date" signature="()" line-rate="0" branch-rate="1" complexity="1">
              <lines>
                <line number="16" hits="0" branch="false" />
              </lines>
            </method>
            <method name="get_EmployeeId" signature="()" line-rate="0" branch-rate="1" complexity="1">
              <lines>
                <line number="17" hits="0" branch="false" />
              </lines>
            </method>
            <method name="get_Employee" signature="()" line-rate="0" branch-rate="1" complexity="1">
              <lines>
                <line number="19" hits="0" branch="false" />
              </lines>
            </method>
            <method name="get_Comments" signature="()" line-rate="0" branch-rate="1" complexity="1">
              <lines>
                <line number="20" hits="0" branch="false" />
              </lines>
            </method>
            <method name="Update" signature="(...)" line-rate="0" branch-rate="1" complexity="1">
              <lines>
                <line number="28" hits="0" branch="false" />
                <line number="29" hits="0" branch="false" />
                <line number="30" hits="0" branch="false" />
                <line number="31" hits="0" branch="false" />
                <line number="32" hits="0" branch="false" />
                <line number="33" hits="0" branch="false" />
                <line number="34" hits="0" branch="false" />
              </lines>
            </method>
            <method name="Clone" signature="()" line-rate="0" branch-rate="1" complexity="1">
              <lines>
                <line number="37" hits="0" branch="false" />
                <line number="38" hits="0" branch="false" />
                <line number="39" hits="0" branch="false" />
                <line number="40" hits="0" branch="false" />
                <line number="41" hits="0" branch="false" />
                <line number="42" hits="0" branch="false" />
                <line number="43" hits="0" branch="false" />
                <line number="44" hits="0" branch="false" />
                <line number="45" hits="0" branch="false" />
                <line number="46" hits="0" branch="false" />
              </lines>
            </method>
            <method name="Equals" signature="(...)" line-rate="0" branch-rate="0" complexity="18">
              <lines>
                <line number="49" hits="0" branch="false" />
                <line number="50" hits="0" branch="true" condition-coverage="0% (0/18)" />
                <line number="51" hits="0" branch="false" />
                <line number="52" hits="0" branch="false" />
                <line number="53" hits="0" branch="false" />
                <line number="54" hits="0" branch="false" />
              </lines>
            </method>
            <method name=".ctor" signature="()" line-rate="0" branch-rate="1" complexity="1">
              <lines>
                <line number="22" hits="0" branch="false" />
                <line number="23" hits="0" branch="false" />
                <line number="24" hits="0" branch="false" />
                <line number="25" hits="0" branch="false" />
              </lines>
            </method>
          </methods>
          <lines>
            <line number="15" hits="0" branch="false" />
            <line number="16" hits="0" branch="false" />
            <line number="17" hits="0" branch="false" />
            <line number="19" hits="0" branch="false" />
            <line number="20" hits="0" branch="false" />
            <line number="22" hits="0" branch="false" />
            <line number="23" hits="0" branch="false" />
            <line number="24" hits="0" branch="false" />
            <line number="25" hits="0" branch="false" />
            <line number="28" hits="0" branch="false" />
            <line number="29" hits="0" branch="false" />
            <line number="30" hits="0" branch="false" />
            <line number="31" hits="0" branch="false" />
            <line number="32" hits="0" branch="false" />
            <line number="33" hits="0" branch="false" />
            <line number="34" hits="0" branch="false" />
            <line number="37" hits="0" branch="false" />
            <line number="38" hits="0" branch="false" />
            <line number="39" hits="0" branch="false" />
            <line number="40" hits="0" branch="false" />
            <line number="41" hits="0" branch="false" />
            <line number="42" hits="0" branch="false" />
            <line number="43" hits="0" branch="false" />
            <line number="44" hits="0" branch="false" />
            <line number="45" hits="0" branch="false" />
            <line number="46" hits="0" branch="false" />
            <line number="49" hits="0" branch="false" />
            <line number="50" hits="0" branch="true" condition-coverage="0% (0/18)" />
            <line number="51" hits="0" branch="false" />
            <line number="52" hits="0" branch="false" />
            <line number="53" hits="0" branch="false" />
            <line number="54" hits="0" branch="false" />
          </lines>
        </class>
        <class name="Cats_Cafe_Accounting_System.Models.JobModel" filename="D:\vikto\source\repos\Cats-Cafe-Accounting-System\Cats-Cafe-Accounting-System\Models\JobModel.cs" line-rate="1" branch-rate="1" complexity="6">
          <methods>
            <method name="get_Id" signature="()" line-rate="1" branch-rate="1" complexity="1">
              <lines>
                <line number="11" hits="382" branch="false" />
              </lines>
            </method>
            <method name="get_Title" signature="()" line-rate="1" branch-rate="1" complexity="1">
              <lines>
                <line number="12" hits="607" branch="false" />
              </lines>
            </method>
            <method name="get_Rate" signature="()" line-rate="1" branch-rate="1" complexity="1">
              <lines>
                <line number="13" hits="404" branch="false" />
              </lines>
            </method>
            <method name="Update" signature="(...)" line-rate="1" branch-rate="1" complexity="1">
              <lines>
                <line number="17" hits="1" branch="false" />
                <line number="18" hits="1" branch="false" />
                <line number="19" hits="1" branch="false" />
                <line number="20" hits="1" branch="false" />
                <line number="21" hits="1" branch="false" />
              </lines>
            </method>
            <method name="Clone" signature="()" line-rate="1" branch-rate="1" complexity="1">
              <lines>
                <line number="24" hits="164" branch="false" />
                <line number="25" hits="164" branch="false" />
                <line number="26" hits="164" branch="false" />
                <line number="27" hits="164" branch="false" />
                <line number="28" hits="164" branch="false" />
                <line number="29" hits="164" branch="false" />
                <line number="30" hits="164" branch="false" />
                <line number="31" hits="164" branch="false" />
              </lines>
            </method>
            <method name=".ctor" signature="()" line-rate="1" branch-rate="1" complexity="1">
              <lines>
                <line number="14" hits="1704" branch="false" />
              </lines>
            </method>
          </methods>
          <lines>
            <line number="11" hits="382" branch="false" />
            <line number="12" hits="607" branch="false" />
            <line number="13" hits="404" branch="false" />
            <line number="14" hits="1704" branch="false" />
            <line number="17" hits="1" branch="false" />
            <line number="18" hits="1" branch="false" />
            <line number="19" hits="1" branch="false" />
            <line number="20" hits="1" branch="false" />
            <line number="21" hits="1" branch="false" />
            <line number="24" hits="164" branch="false" />
            <line number="25" hits="164" branch="false" />
            <line number="26" hits="164" branch="false" />
            <line number="27" hits="164" branch="false" />
            <line number="28" hits="164" branch="false" />
            <line number="29" hits="164" branch="false" />
            <line number="30" hits="164" branch="false" />
            <line number="31" hits="164" branch="false" />
          </lines>
        </class>
        <class name="Cats_Cafe_Accounting_System.Models.NavigationChangedRequestMessage" filename="D:\vikto\source\repos\Cats-Cafe-Accounting-System\Cats-Cafe-Accounting-System\Models\NavigationChangedRequestMessage.cs" line-rate="0" branch-rate="1" complexity="1">
          <methods>
            <method name=".ctor" signature="(...)" line-rate="0" branch-rate="1" complexity="1">
              <lines>
                <line number="7" hits="0" branch="false" />
              </lines>
            </method>
          </methods>
          <lines>
            <line number="7" hits="0" branch="false" />
          </lines>
        </class>
        <class name="Cats_Cafe_Accounting_System.Models.NavigationModel" filename="D:\vikto\source\repos\Cats-Cafe-Accounting-System\Cats-Cafe-Accounting-System\Models\NavigationModel.cs" line-rate="0" branch-rate="1" complexity="4">
          <methods>
            <method name="get_ID" signature="()" line-rate="0" branch-rate="1" complexity="1">
              <lines>
                <line number="7" hits="0" branch="false" />
              </lines>
            </method>
            <method name="get_Name" signature="()" line-rate="0" branch-rate="1" complexity="1">
              <lines>
                <line number="8" hits="0" branch="false" />
              </lines>
            </method>
            <method name="get_Description" signature="()" line-rate="0" branch-rate="1" complexity="1">
              <lines>
                <line number="9" hits="0" branch="false" />
              </lines>
            </method>
            <method name="get_DestinationVM" signature="()" line-rate="0" branch-rate="1" complexity="1">
              <lines>
                <line number="10" hits="0" branch="false" />
              </lines>
            </method>
          </methods>
          <lines>
            <line number="7" hits="0" branch="false" />
            <line number="8" hits="0" branch="false" />
            <line number="9" hits="0" branch="false" />
            <line number="10" hits="0" branch="false" />
          </lines>
        </class>
        <class name="Cats_Cafe_Accounting_System.Models.PetModel" filename="D:\vikto\source\repos\Cats-Cafe-Accounting-System\Cats-Cafe-Accounting-System\Models\PetModel.cs" line-rate="1" branch-rate="1" complexity="14">
          <methods>
            <method name="get_Id" signature="()" line-rate="1" branch-rate="1" complexity="1">
              <lines>
                <line number="17" hits="612" branch="false" />
              </lines>
            </method>
            <method name="get_Name" signature="()" line-rate="1" branch-rate="1" complexity="1">
              <lines>
                <line number="18" hits="942" branch="false" />
              </lines>
            </method>
            <method name="get_GenderId" signature="()" line-rate="1" branch-rate="1" complexity="1">
              <lines>
                <line number="19" hits="568" branch="false" />
              </lines>
            </method>
            <method name="get_Gender" signature="()" line-rate="1" branch-rate="1" complexity="1">
              <lines>
                <line number="21" hits="1154" branch="false" />
              </lines>
            </method>
            <method name="get_StatusId" signature="()" line-rate="1" branch-rate="1" complexity="1">
              <lines>
                <line number="22" hits="568" branch="false" />
              </lines>
            </method>
            <method name="get_Status" signature="()" line-rate="1" branch-rate="1" complexity="1">
              <lines>
                <line number="24" hits="1154" branch="false" />
              </lines>
            </method>
            <method name="get_BreedId" signature="()" line-rate="1" branch-rate="1" complexity="1">
              <lines>
                <line number="25" hits="568" branch="false" />
              </lines>
            </method>
            <method name="get_Breed" signature="()" line-rate="1" branch-rate="1" complexity="1">
              <lines>
                <line number="27" hits="1166" branch="false" />
              </lines>
            </method>
            <method name="get_Birthday" signature="()" line-rate="1" branch-rate="1" complexity="1">
              <lines>
                <line number="28" hits="806" branch="false" />
              </lines>
            </method>
            <method name="get_CheckInDate" signature="()" line-rate="1" branch-rate="1" complexity="1">
              <lines>
                <line number="29" hits="806" branch="false" />
              </lines>
            </method>
            <method name="get_PassNumber" signature="()" line-rate="1" branch-rate="1" complexity="1">
              <lines>
                <line number="30" hits="644" branch="false" />
              </lines>
            </method>
            <method name="Update" signature="(...)" line-rate="1" branch-rate="1" complexity="1">
              <lines>
                <line number="39" hits="1" branch="false" />
                <line number="40" hits="1" branch="false" />
                <line number="41" hits="1" branch="false" />
                <line number="42" hits="1" branch="false" />
                <line number="43" hits="1" branch="false" />
                <line number="44" hits="1" branch="false" />
                <line number="45" hits="1" branch="false" />
                <line number="46" hits="1" branch="false" />
                <line number="47" hits="1" branch="false" />
                <line number="48" hits="1" branch="false" />
                <line number="49" hits="1" branch="false" />
                <line number="50" hits="1" branch="false" />
                <line number="51" hits="1" branch="false" />
              </lines>
            </method>
            <method name="Clone" signature="()" line-rate="1" branch-rate="1" complexity="1">
              <lines>
                <line number="54" hits="264" branch="false" />
                <line number="55" hits="264" branch="false" />
                <line number="56" hits="264" branch="false" />
                <line number="57" hits="264" branch="false" />
                <line number="58" hits="264" branch="false" />
                <line number="59" hits="264" branch="false" />
                <line number="60" hits="264" branch="false" />
                <line number="61" hits="264" branch="false" />
                <line number="62" hits="264" branch="false" />
                <line number="63" hits="264" branch="false" />
                <line number="64" hits="264" branch="false" />
                <line number="65" hits="264" branch="false" />
                <line number="66" hits="264" branch="false" />
                <line number="67" hits="264" branch="false" />
                <line number="68" hits="264" branch="false" />
                <line number="69" hits="264" branch="false" />
              </lines>
            </method>
            <method name=".ctor" signature="()" line-rate="1" branch-rate="1" complexity="1">
              <lines>
                <line number="31" hits="431" branch="false" />
                <line number="32" hits="431" branch="false" />
                <line number="33" hits="431" branch="false" />
                <line number="34" hits="431" branch="false" />
                <line number="35" hits="431" branch="false" />
                <line number="36" hits="431" branch="false" />
              </lines>
            </method>
          </methods>
          <lines>
            <line number="17" hits="612" branch="false" />
            <line number="18" hits="942" branch="false" />
            <line number="19" hits="568" branch="false" />
            <line number="21" hits="1154" branch="false" />
            <line number="22" hits="568" branch="false" />
            <line number="24" hits="1154" branch="false" />
            <line number="25" hits="568" branch="false" />
            <line number="27" hits="1166" branch="false" />
            <line number="28" hits="806" branch="false" />
            <line number="29" hits="806" branch="false" />
            <line number="30" hits="644" branch="false" />
            <line number="31" hits="431" branch="false" />
            <line number="32" hits="431" branch="false" />
            <line number="33" hits="431" branch="false" />
            <line number="34" hits="431" branch="false" />
            <line number="35" hits="431" branch="false" />
            <line number="36" hits="431" branch="false" />
            <line number="39" hits="1" branch="false" />
            <line number="40" hits="1" branch="false" />
            <line number="41" hits="1" branch="false" />
            <line number="42" hits="1" branch="false" />
            <line number="43" hits="1" branch="false" />
            <line number="44" hits="1" branch="false" />
            <line number="45" hits="1" branch="false" />
            <line number="46" hits="1" branch="false" />
            <line number="47" hits="1" branch="false" />
            <line number="48" hits="1" branch="false" />
            <line number="49" hits="1" branch="false" />
            <line number="50" hits="1" branch="false" />
            <line number="51" hits="1" branch="false" />
            <line number="54" hits="264" branch="false" />
            <line number="55" hits="264" branch="false" />
            <line number="56" hits="264" branch="false" />
            <line number="57" hits="264" branch="false" />
            <line number="58" hits="264" branch="false" />
            <line number="59" hits="264" branch="false" />
            <line number="60" hits="264" branch="false" />
            <line number="61" hits="264" branch="false" />
            <line number="62" hits="264" branch="false" />
            <line number="63" hits="264" branch="false" />
            <line number="64" hits="264" branch="false" />
            <line number="65" hits="264" branch="false" />
            <line number="66" hits="264" branch="false" />
            <line number="67" hits="264" branch="false" />
            <line number="68" hits="264" branch="false" />
            <line number="69" hits="264" branch="false" />
          </lines>
        </class>
        <class name="Cats_Cafe_Accounting_System.Models.PetTransferLogEntryModel" filename="D:\vikto\source\repos\Cats-Cafe-Accounting-System\Cats-Cafe-Accounting-System\Models\PetTransferLogEntryModel.cs" line-rate="0" branch-rate="1" complexity="9">
          <methods>
            <method name="get_Id" signature="()" line-rate="0" branch-rate="1" complexity="1">
              <lines>
                <line number="12" hits="0" branch="false" />
              </lines>
            </method>
            <method name="get_VisitorId" signature="()" line-rate="0" branch-rate="1" complexity="1">
              <lines>
                <line number="13" hits="0" branch="false" />
              </lines>
            </method>
            <method name="get_Visitor" signature="()" line-rate="0" branch-rate="1" complexity="1">
              <lines>
                <line number="15" hits="0" branch="false" />
              </lines>
            </method>
            <method name="get_PetId" signature="()" line-rate="0" branch-rate="1" complexity="1">
              <lines>
                <line number="16" hits="0" branch="false" />
              </lines>
            </method>
            <method name="get_Pet" signature="()" line-rate="0" branch-rate="1" complexity="1">
              <lines>
                <line number="18" hits="0" branch="false" />
              </lines>
            </method>
            <method name="get_Date" signature="()" line-rate="0" branch-rate="1" complexity="1">
              <lines>
                <line number="19" hits="0" branch="false" />
              </lines>
            </method>
            <method name="Update" signature="(...)" line-rate="0" branch-rate="1" complexity="1">
              <lines>
                <line number="27" hits="0" branch="false" />
                <line number="28" hits="0" branch="false" />
                <line number="29" hits="0" branch="false" />
                <line number="30" hits="0" branch="false" />
                <line number="31" hits="0" branch="false" />
                <line number="32" hits="0" branch="false" />
                <line number="33" hits="0" branch="false" />
                <line number="34" hits="0" branch="false" />
              </lines>
            </method>
            <method name="Clone" signature="()" line-rate="0" branch-rate="1" complexity="1">
              <lines>
                <line number="37" hits="0" branch="false" />
                <line number="38" hits="0" branch="false" />
                <line number="39" hits="0" branch="false" />
                <line number="40" hits="0" branch="false" />
                <line number="41" hits="0" branch="false" />
                <line number="42" hits="0" branch="false" />
                <line number="43" hits="0" branch="false" />
                <line number="44" hits="0" branch="false" />
                <line number="45" hits="0" branch="false" />
                <line number="46" hits="0" branch="false" />
              </lines>
            </method>
            <method name=".ctor" signature="()" line-rate="0" branch-rate="1" complexity="1">
              <lines>
                <line number="20" hits="0" branch="false" />
                <line number="21" hits="0" branch="false" />
                <line number="22" hits="0" branch="false" />
                <line number="23" hits="0" branch="false" />
                <line number="24" hits="0" branch="false" />
              </lines>
            </method>
          </methods>
          <lines>
            <line number="12" hits="0" branch="false" />
            <line number="13" hits="0" branch="false" />
            <line number="15" hits="0" branch="false" />
            <line number="16" hits="0" branch="false" />
            <line number="18" hits="0" branch="false" />
            <line number="19" hits="0" branch="false" />
            <line number="20" hits="0" branch="false" />
            <line number="21" hits="0" branch="false" />
            <line number="22" hits="0" branch="false" />
            <line number="23" hits="0" branch="false" />
            <line number="24" hits="0" branch="false" />
            <line number="27" hits="0" branch="false" />
            <line number="28" hits="0" branch="false" />
            <line number="29" hits="0" branch="false" />
            <line number="30" hits="0" branch="false" />
            <line number="31" hits="0" branch="false" />
            <line number="32" hits="0" branch="false" />
            <line number="33" hits="0" branch="false" />
            <line number="34" hits="0" branch="false" />
            <line number="37" hits="0" branch="false" />
            <line number="38" hits="0" branch="false" />
            <line number="39" hits="0" branch="false" />
            <line number="40" hits="0" branch="false" />
            <line number="41" hits="0" branch="false" />
            <line number="42" hits="0" branch="false" />
            <line number="43" hits="0" branch="false" />
            <line number="44" hits="0" branch="false" />
            <line number="45" hits="0" branch="false" />
            <line number="46" hits="0" branch="false" />
          </lines>
        </class>
        <class name="Cats_Cafe_Accounting_System.Models.PopularPetsModel" filename="D:\vikto\source\repos\Cats-Cafe-Accounting-System\Cats-Cafe-Accounting-System\Models\PopularPetsModel.cs" line-rate="0" branch-rate="1" complexity="4">
          <methods>
            <method name="get_Place" signature="()" line-rate="0" branch-rate="1" complexity="1">
              <lines>
                <line number="9" hits="0" branch="false" />
              </lines>
            </method>
            <method name="get_Score" signature="()" line-rate="0" branch-rate="1" complexity="1">
              <lines>
                <line number="10" hits="0" branch="false" />
              </lines>
            </method>
            <method name="get_Pet" signature="()" line-rate="0" branch-rate="1" complexity="1">
              <lines>
                <line number="11" hits="0" branch="false" />
              </lines>
            </method>
            <method name="get_PetTransferLogEntryModels" signature="()" line-rate="0" branch-rate="1" complexity="1">
              <lines>
                <line number="12" hits="0" branch="false" />
              </lines>
            </method>
          </methods>
          <lines>
            <line number="9" hits="0" branch="false" />
            <line number="10" hits="0" branch="false" />
            <line number="11" hits="0" branch="false" />
            <line number="12" hits="0" branch="false" />
          </lines>
        </class>
        <class name="Cats_Cafe_Accounting_System.Models.TicketModel" filename="D:\vikto\source\repos\Cats-Cafe-Accounting-System\Cats-Cafe-Accounting-System\Models\TicketModel.cs" line-rate="1" branch-rate="1" complexity="8">
          <methods>
            <method name="get_Id" signature="()" line-rate="1" branch-rate="1" complexity="1">
              <lines>
                <line number="12" hits="94" branch="false" />
              </lines>
            </method>
            <method name="get_Price" signature="()" line-rate="1" branch-rate="1" complexity="1">
              <lines>
                <line number="13" hits="93" branch="false" />
              </lines>
            </method>
            <method name="get_PetId" signature="()" line-rate="1" branch-rate="1" complexity="1">
              <lines>
                <line number="14" hits="114" branch="false" />
              </lines>
            </method>
            <method name="get_Pet" signature="()" line-rate="1" branch-rate="1" complexity="1">
              <lines>
                <line number="16" hits="171" branch="false" />
              </lines>
            </method>
            <method name="get_Comments" signature="()" line-rate="1" branch-rate="1" complexity="1">
              <lines>
                <line number="17" hits="155" branch="false" />
              </lines>
            </method>
            <method name="Update" signature="(...)" line-rate="1" branch-rate="1" complexity="1">
              <lines>
                <line number="24" hits="1" branch="false" />
                <line number="25" hits="1" branch="false" />
                <line number="26" hits="1" branch="false" />
                <line number="27" hits="1" branch="false" />
                <line number="28" hits="1" branch="false" />
                <line number="29" hits="1" branch="false" />
                <line number="30" hits="1" branch="false" />
              </lines>
            </method>
            <method name="Clone" signature="()" line-rate="1" branch-rate="1" complexity="1">
              <lines>
                <line number="32" hits="22" branch="false" />
                <line number="33" hits="22" branch="false" />
                <line number="34" hits="22" branch="false" />
                <line number="35" hits="22" branch="false" />
                <line number="36" hits="22" branch="false" />
                <line number="37" hits="22" branch="false" />
                <line number="38" hits="22" branch="false" />
                <line number="39" hits="22" branch="false" />
                <line number="40" hits="22" branch="false" />
                <line number="41" hits="22" branch="false" />
              </lines>
            </method>
            <method name=".ctor" signature="()" line-rate="1" branch-rate="1" complexity="1">
              <lines>
                <line number="18" hits="56" branch="false" />
                <line number="19" hits="56" branch="false" />
                <line number="20" hits="56" branch="false" />
                <line number="21" hits="56" branch="false" />
              </lines>
            </method>
          </methods>
          <lines>
            <line number="12" hits="94" branch="false" />
            <line number="13" hits="93" branch="false" />
            <line number="14" hits="114" branch="false" />
            <line number="16" hits="171" branch="false" />
            <line number="17" hits="155" branch="false" />
            <line number="18" hits="56" branch="false" />
            <line number="19" hits="56" branch="false" />
            <line number="20" hits="56" branch="false" />
            <line number="21" hits="56" branch="false" />
            <line number="24" hits="1" branch="false" />
            <line number="25" hits="1" branch="false" />
            <line number="26" hits="1" branch="false" />
            <line number="27" hits="1" branch="false" />
            <line number="28" hits="1" branch="false" />
            <line number="29" hits="1" branch="false" />
            <line number="30" hits="1" branch="false" />
            <line number="32" hits="22" branch="false" />
            <line number="33" hits="22" branch="false" />
            <line number="34" hits="22" branch="false" />
            <line number="35" hits="22" branch="false" />
            <line number="36" hits="22" branch="false" />
            <line number="37" hits="22" branch="false" />
            <line number="38" hits="22" branch="false" />
            <line number="39" hits="22" branch="false" />
            <line number="40" hits="22" branch="false" />
            <line number="41" hits="22" branch="false" />
          </lines>
        </class>
        <class name="Cats_Cafe_Accounting_System.Models.VisitLogEntryModel" filename="D:\vikto\source\repos\Cats-Cafe-Accounting-System\Cats-Cafe-Accounting-System\Models\VisitLogEntryModel.cs" line-rate="0" branch-rate="1" complexity="11">
          <methods>
            <method name="get_Id" signature="()" line-rate="0" branch-rate="1" complexity="1">
              <lines>
                <line number="14" hits="0" branch="false" />
              </lines>
            </method>
            <method name="get_Date" signature="()" line-rate="0" branch-rate="1" complexity="1">
              <lines>
                <line number="15" hits="0" branch="false" />
              </lines>
            </method>
            <method name="get_StartTime" signature="()" line-rate="0" branch-rate="1" complexity="1">
              <lines>
                <line number="16" hits="0" branch="false" />
              </lines>
            </method>
            <method name="get_VisitorId" signature="()" line-rate="0" branch-rate="1" complexity="1">
              <lines>
                <line number="17" hits="0" branch="false" />
              </lines>
            </method>
            <method name="get_Visitor" signature="()" line-rate="0" branch-rate="1" complexity="1">
              <lines>
                <line number="19" hits="0" branch="false" />
              </lines>
            </method>
            <method name="get_TicketId" signature="()" line-rate="0" branch-rate="1" complexity="1">
              <lines>
                <line number="20" hits="0" branch="false" />
              </lines>
            </method>
            <method name="get_Ticket" signature="()" line-rate="0" branch-rate="1" complexity="1">
              <lines>
                <line number="22" hits="0" branch="false" />
              </lines>
            </method>
            <method name="get_TicketsCount" signature="()" line-rate="0" branch-rate="1" complexity="1">
              <lines>
                <line number="23" hits="0" branch="false" />
              </lines>
            </method>
            <method name="Update" signature="(...)" line-rate="0" branch-rate="1" complexity="1">
              <lines>
                <line number="32" hits="0" branch="false" />
                <line number="33" hits="0" branch="false" />
                <line number="34" hits="0" branch="false" />
                <line number="35" hits="0" branch="false" />
                <line number="36" hits="0" branch="false" />
                <line number="37" hits="0" branch="false" />
                <line number="38" hits="0" branch="false" />
                <line number="39" hits="0" branch="false" />
                <line number="40" hits="0" branch="false" />
                <line number="41" hits="0" branch="false" />
              </lines>
            </method>
            <method name="Clone" signature="()" line-rate="0" branch-rate="1" complexity="1">
              <lines>
                <line number="44" hits="0" branch="false" />
                <line number="45" hits="0" branch="false" />
                <line number="46" hits="0" branch="false" />
                <line number="47" hits="0" branch="false" />
                <line number="48" hits="0" branch="false" />
                <line number="49" hits="0" branch="false" />
                <line number="50" hits="0" branch="false" />
                <line number="51" hits="0" branch="false" />
                <line number="52" hits="0" branch="false" />
                <line number="53" hits="0" branch="false" />
                <line number="54" hits="0" branch="false" />
                <line number="55" hits="0" branch="false" />
                <line number="56" hits="0" branch="false" />
              </lines>
            </method>
            <method name=".ctor" signature="()" line-rate="0" branch-rate="1" complexity="1">
              <lines>
                <line number="25" hits="0" branch="false" />
                <line number="26" hits="0" branch="false" />
                <line number="27" hits="0" branch="false" />
                <line number="28" hits="0" branch="false" />
                <line number="29" hits="0" branch="false" />
              </lines>
            </method>
          </methods>
          <lines>
            <line number="14" hits="0" branch="false" />
            <line number="15" hits="0" branch="false" />
            <line number="16" hits="0" branch="false" />
            <line number="17" hits="0" branch="false" />
            <line number="19" hits="0" branch="false" />
            <line number="20" hits="0" branch="false" />
            <line number="22" hits="0" branch="false" />
            <line number="23" hits="0" branch="false" />
            <line number="25" hits="0" branch="false" />
            <line number="26" hits="0" branch="false" />
            <line number="27" hits="0" branch="false" />
            <line number="28" hits="0" branch="false" />
            <line number="29" hits="0" branch="false" />
            <line number="32" hits="0" branch="false" />
            <line number="33" hits="0" branch="false" />
            <line number="34" hits="0" branch="false" />
            <line number="35" hits="0" branch="false" />
            <line number="36" hits="0" branch="false" />
            <line number="37" hits="0" branch="false" />
            <line number="38" hits="0" branch="false" />
            <line number="39" hits="0" branch="false" />
            <line number="40" hits="0" branch="false" />
            <line number="41" hits="0" branch="false" />
            <line number="44" hits="0" branch="false" />
            <line number="45" hits="0" branch="false" />
            <line number="46" hits="0" branch="false" />
            <line number="47" hits="0" branch="false" />
            <line number="48" hits="0" branch="false" />
            <line number="49" hits="0" branch="false" />
            <line number="50" hits="0" branch="false" />
            <line number="51" hits="0" branch="false" />
            <line number="52" hits="0" branch="false" />
            <line number="53" hits="0" branch="false" />
            <line number="54" hits="0" branch="false" />
            <line number="55" hits="0" branch="false" />
            <line number="56" hits="0" branch="false" />
          </lines>
        </class>
        <class name="Cats_Cafe_Accounting_System.Models.VisitorModel" filename="D:\vikto\source\repos\Cats-Cafe-Accounting-System\Cats-Cafe-Accounting-System\Models\VisitorModel.cs" line-rate="1" branch-rate="1" complexity="11">
          <methods>
            <method name="get_Id" signature="()" line-rate="1" branch-rate="1" complexity="1">
              <lines>
                <line number="17" hits="544" branch="false" />
              </lines>
            </method>
            <method name="get_LastName" signature="()" line-rate="1" branch-rate="1" complexity="1">
              <lines>
                <line number="18" hits="711" branch="false" />
              </lines>
            </method>
            <method name="get_FirstName" signature="()" line-rate="1" branch-rate="1" complexity="1">
              <lines>
                <line number="19" hits="795" branch="false" />
              </lines>
            </method>
            <method name="get_Pathronymic" signature="()" line-rate="1" branch-rate="1" complexity="1">
              <lines>
                <line number="20" hits="676" branch="false" />
              </lines>
            </method>
            <method name="get_GenderId" signature="()" line-rate="1" branch-rate="1" complexity="1">
              <lines>
                <line number="21" hits="505" branch="false" />
              </lines>
            </method>
            <method name="get_Gender" signature="()" line-rate="1" branch-rate="1" complexity="1">
              <lines>
                <line number="23" hits="1009" branch="false" />
              </lines>
            </method>
            <method name="get_PhoneNumber" signature="()" line-rate="1" branch-rate="1" complexity="1">
              <lines>
                <line number="24" hits="577" branch="false" />
              </lines>
            </method>
            <method name="get_Birthday" signature="()" line-rate="1" branch-rate="1" complexity="1">
              <lines>
                <line number="25" hits="732" branch="false" />
              </lines>
            </method>
            <method name="Update" signature="(...)" line-rate="1" branch-rate="1" complexity="1">
              <lines>
                <line number="32" hits="1" branch="false" />
                <line number="33" hits="1" branch="false" />
                <line number="34" hits="1" branch="false" />
                <line number="35" hits="1" branch="false" />
                <line number="36" hits="1" branch="false" />
                <line number="37" hits="1" branch="false" />
                <line number="38" hits="1" branch="false" />
                <line number="39" hits="1" branch="false" />
                <line number="40" hits="1" branch="false" />
                <line number="41" hits="1" branch="false" />
              </lines>
            </method>
            <method name="Clone" signature="()" line-rate="1" branch-rate="1" complexity="1">
              <lines>
                <line number="43" hits="234" branch="false" />
                <line number="44" hits="234" branch="false" />
                <line number="45" hits="234" branch="false" />
                <line number="46" hits="234" branch="false" />
                <line number="47" hits="234" branch="false" />
                <line number="48" hits="234" branch="false" />
                <line number="49" hits="234" branch="false" />
                <line number="50" hits="234" branch="false" />
                <line number="51" hits="234" branch="false" />
                <line number="52" hits="234" branch="false" />
                <line number="53" hits="234" branch="false" />
                <line number="54" hits="234" branch="false" />
                <line number="55" hits="234" branch="false" />
              </lines>
            </method>
            <method name=".ctor" signature="()" line-rate="1" branch-rate="1" complexity="1">
              <lines>
                <line number="26" hits="334" branch="false" />
                <line number="27" hits="334" branch="false" />
                <line number="28" hits="334" branch="false" />
                <line number="29" hits="334" branch="false" />
              </lines>
            </method>
          </methods>
          <lines>
            <line number="17" hits="544" branch="false" />
            <line number="18" hits="711" branch="false" />
            <line number="19" hits="795" branch="false" />
            <line number="20" hits="676" branch="false" />
            <line number="21" hits="505" branch="false" />
            <line number="23" hits="1009" branch="false" />
            <line number="24" hits="577" branch="false" />
            <line number="25" hits="732" branch="false" />
            <line number="26" hits="334" branch="false" />
            <line number="27" hits="334" branch="false" />
            <line number="28" hits="334" branch="false" />
            <line number="29" hits="334" branch="false" />
            <line number="32" hits="1" branch="false" />
            <line number="33" hits="1" branch="false" />
            <line number="34" hits="1" branch="false" />
            <line number="35" hits="1" branch="false" />
            <line number="36" hits="1" branch="false" />
            <line number="37" hits="1" branch="false" />
            <line number="38" hits="1" branch="false" />
            <line number="39" hits="1" branch="false" />
            <line number="40" hits="1" branch="false" />
            <line number="41" hits="1" branch="false" />
            <line number="43" hits="234" branch="false" />
            <line number="44" hits="234" branch="false" />
            <line number="45" hits="234" branch="false" />
            <line number="46" hits="234" branch="false" />
            <line number="47" hits="234" branch="false" />
            <line number="48" hits="234" branch="false" />
            <line number="49" hits="234" branch="false" />
            <line number="50" hits="234" branch="false" />
            <line number="51" hits="234" branch="false" />
            <line number="52" hits="234" branch="false" />
            <line number="53" hits="234" branch="false" />
            <line number="54" hits="234" branch="false" />
            <line number="55" hits="234" branch="false" />
          </lines>
        </class>
        <class name="Cats_Cafe_Accounting_System.RegularClasses.Breed" filename="D:\vikto\source\repos\Cats-Cafe-Accounting-System\Cats-Cafe-Accounting-System\RegularClasses\Breed.cs" line-rate="1" branch-rate="1" complexity="3">
          <methods>
            <method name="get_Id" signature="()" line-rate="1" branch-rate="1" complexity="1">
              <lines>
                <line number="14" hits="41" branch="false" />
              </lines>
            </method>
            <method name="get_Title" signature="()" line-rate="1" branch-rate="1" complexity="1">
              <lines>
                <line number="15" hits="45" branch="false" />
              </lines>
            </method>
            <method name=".ctor" signature="()" line-rate="1" branch-rate="1" complexity="1">
              <lines>
                <line number="17" hits="1305" branch="false" />
              </lines>
            </method>
          </methods>
          <lines>
            <line number="14" hits="41" branch="false" />
            <line number="15" hits="45" branch="false" />
            <line number="17" hits="1305" branch="false" />
          </lines>
        </class>
        <class name="Cats_Cafe_Accounting_System.RegularClasses.Gender" filename="D:\vikto\source\repos\Cats-Cafe-Accounting-System\Cats-Cafe-Accounting-System\RegularClasses\Gender.cs" line-rate="1" branch-rate="1" complexity="3">
          <methods>
            <method name="get_Id" signature="()" line-rate="1" branch-rate="1" complexity="1">
              <lines>
                <line number="13" hits="107" branch="false" />
              </lines>
            </method>
            <method name="get_Title" signature="()" line-rate="1" branch-rate="1" complexity="1">
              <lines>
                <line number="14" hits="45" branch="false" />
              </lines>
            </method>
            <method name=".ctor" signature="()" line-rate="1" branch-rate="1" complexity="1">
              <lines>
                <line number="15" hits="3327" branch="false" />
              </lines>
            </method>
          </methods>
          <lines>
            <line number="13" hits="107" branch="false" />
            <line number="14" hits="45" branch="false" />
            <line number="15" hits="3327" branch="false" />
          </lines>
        </class>
        <class name="Cats_Cafe_Accounting_System.RegularClasses.Status" filename="D:\vikto\source\repos\Cats-Cafe-Accounting-System\Cats-Cafe-Accounting-System\RegularClasses\Status.cs" line-rate="1" branch-rate="1" complexity="3">
          <methods>
            <method name="get_Id" signature="()" line-rate="1" branch-rate="1" complexity="1">
              <lines>
                <line number="12" hits="37" branch="false" />
              </lines>
            </method>
            <method name="get_Title" signature="()" line-rate="1" branch-rate="1" complexity="1">
              <lines>
                <line number="13" hits="29" branch="false" />
              </lines>
            </method>
            <method name=".ctor" signature="()" line-rate="1" branch-rate="1" complexity="1">
              <lines>
                <line number="15" hits="1308" branch="false" />
              </lines>
            </method>
          </methods>
          <lines>
            <line number="12" hits="37" branch="false" />
            <line number="13" hits="29" branch="false" />
            <line number="15" hits="1308" branch="false" />
          </lines>
        </class>
        <class name="Cats_Cafe_Accounting_System.Utilities.ApplicationDbContext" filename="D:\vikto\source\repos\Cats-Cafe-Accounting-System\Cats-Cafe-Accounting-System\Utilities\ApplicationDBContext.cs" line-rate="1" branch-rate="1" complexity="14">
          <methods>
            <method name="get__configuration" signature="()" line-rate="1" branch-rate="1" complexity="1">
              <lines>
                <line number="12" hits="10" branch="false" />
              </lines>
            </method>
            <method name="CreateInMemoryDatabase" signature="()" line-rate="1" branch-rate="1" complexity="1">
              <lines>
                <line number="33" hits="5" branch="false" />
                <line number="34" hits="5" branch="false" />
                <line number="35" hits="5" branch="false" />
                <line number="36" hits="5" branch="false" />
                <line number="37" hits="5" branch="false" />
                <line number="39" hits="5" branch="false" />
                <line number="40" hits="5" branch="false" />
              </lines>
            </method>
            <method name="get_Pets" signature="()" line-rate="1" branch-rate="1" complexity="1">
              <lines>
                <line number="53" hits="233" branch="false" />
              </lines>
            </method>
            <method name="get_Genders" signature="()" line-rate="1" branch-rate="1" complexity="1">
              <lines>
                <line number="54" hits="159" branch="false" />
              </lines>
            </method>
            <method name="get_Statuses" signature="()" line-rate="1" branch-rate="1" complexity="1">
              <lines>
                <line number="55" hits="38" branch="false" />
              </lines>
            </method>
            <method name="get_Breeds" signature="()" line-rate="1" branch-rate="1" complexity="1">
              <lines>
                <line number="56" hits="43" branch="false" />
              </lines>
            </method>
            <method name="get_Jobs" signature="()" line-rate="1" branch-rate="1" complexity="1">
              <lines>
                <line number="57" hits="207" branch="false" />
              </lines>
            </method>
            <method name="get_Employees" signature="()" line-rate="1" branch-rate="1" complexity="1">
              <lines>
                <line number="58" hits="219" branch="false" />
              </lines>
            </method>
            <method name="get_Visitors" signature="()" line-rate="1" branch-rate="1" complexity="1">
              <lines>
                <line number="59" hits="213" branch="false" />
              </lines>
            </method>
            <method name="get_Tickets" signature="()" line-rate="1" branch-rate="1" complexity="1">
              <lines>
                <line number="60" hits="64" branch="false" />
              </lines>
            </method>
            <method name="get_VisitLogEntries" signature="()" line-rate="1" branch-rate="1" complexity="1">
              <lines>
                <line number="61" hits="5" branch="false" />
              </lines>
            </method>
            <method name="get_EmployeeShiftLogEntries" signature="()" line-rate="1" branch-rate="1" complexity="1">
              <lines>
                <line number="62" hits="5" branch="false" />
              </lines>
            </method>
            <method name="get_PetTransferLogEntries" signature="()" line-rate="1" branch-rate="1" complexity="1">
              <lines>
                <line number="63" hits="5" branch="false" />
              </lines>
            </method>
            <method name=".ctor" signature="(...)" line-rate="1" branch-rate="1" complexity="1">
              <lines>
                <line number="14" hits="5" branch="false" />
                <line number="15" hits="5" branch="false" />
                <line number="16" hits="5" branch="false" />
                <line number="17" hits="5" branch="false" />
              </lines>
            </method>
          </methods>
          <lines>
            <line number="12" hits="10" branch="false" />
            <line number="14" hits="5" branch="false" />
            <line number="15" hits="5" branch="false" />
            <line number="16" hits="5" branch="false" />
            <line number="17" hits="5" branch="false" />
            <line number="33" hits="5" branch="false" />
            <line number="34" hits="5" branch="false" />
            <line number="35" hits="5" branch="false" />
            <line number="36" hits="5" branch="false" />
            <line number="37" hits="5" branch="false" />
            <line number="39" hits="5" branch="false" />
            <line number="40" hits="5" branch="false" />
            <line number="53" hits="233" branch="false" />
            <line number="54" hits="159" branch="false" />
            <line number="55" hits="38" branch="false" />
            <line number="56" hits="43" branch="false" />
            <line number="57" hits="207" branch="false" />
            <line number="58" hits="219" branch="false" />
            <line number="59" hits="213" branch="false" />
            <line number="60" hits="64" branch="false" />
            <line number="61" hits="5" branch="false" />
            <line number="62" hits="5" branch="false" />
            <line number="63" hits="5" branch="false" />
          </lines>
        </class>
        <class name="Cats_Cafe_Accounting_System.Utilities.BooleanToVisibilityConverter" filename="D:\vikto\source\repos\Cats-Cafe-Accounting-System\Cats-Cafe-Accounting-System\Utilities\BooleanToVisibilityConverter.cs" line-rate="0" branch-rate="0" complexity="11">
          <methods>
            <method name="Convert" signature="(...)" line-rate="0" branch-rate="0" complexity="8">
              <lines>
                <line number="11" hits="0" branch="false" />
                <line number="12" hits="0" branch="true" condition-coverage="0% (0/4)" />
                <line number="13" hits="0" branch="false" />
                <line number="14" hits="0" branch="false" />
                <line number="16" hits="0" branch="true" condition-coverage="0% (0/4)" />
                <line number="17" hits="0" branch="false" />
                <line number="19" hits="0" branch="false" />
                <line number="21" hits="0" branch="false" />
                <line number="22" hits="0" branch="false" />
              </lines>
            </method>
            <method name="ConvertBack" signature="(...)" line-rate="0" branch-rate="1" complexity="1">
              <lines>
                <line number="25" hits="0" branch="false" />
                <line number="26" hits="0" branch="false" />
              </lines>
            </method>
            <method name="ConvertBoolToVisibility" signature="(...)" line-rate="0" branch-rate="0" complexity="2">
              <lines>
                <line number="30" hits="0" branch="false" />
                <line number="31" hits="0" branch="true" condition-coverage="0% (0/2)" />
                <line number="32" hits="0" branch="false" />
                <line number="33" hits="0" branch="false" />
                <line number="34" hits="0" branch="false" />
              </lines>
            </method>
          </methods>
          <lines>
            <line number="11" hits="0" branch="false" />
            <line number="12" hits="0" branch="true" condition-coverage="0% (0/4)" />
            <line number="13" hits="0" branch="false" />
            <line number="14" hits="0" branch="false" />
            <line number="16" hits="0" branch="true" condition-coverage="0% (0/4)" />
            <line number="17" hits="0" branch="false" />
            <line number="19" hits="0" branch="false" />
            <line number="21" hits="0" branch="false" />
            <line number="22" hits="0" branch="false" />
            <line number="25" hits="0" branch="false" />
            <line number="26" hits="0" branch="false" />
            <line number="30" hits="0" branch="false" />
            <line number="31" hits="0" branch="true" condition-coverage="0% (0/2)" />
            <line number="32" hits="0" branch="false" />
            <line number="33" hits="0" branch="false" />
            <line number="34" hits="0" branch="false" />
          </lines>
        </class>
        <class name="Cats_Cafe_Accounting_System.Utilities.Elem`1" filename="D:\vikto\source\repos\Cats-Cafe-Accounting-System\Cats-Cafe-Accounting-System\Utilities\Elem.cs" line-rate="0.952380952380952" branch-rate="1" complexity="7">
          <methods>
            <method name="get_IsSelected" signature="()" line-rate="1" branch-rate="1" complexity="1">
              <lines>
                <line number="10" hits="135" branch="false" />
              </lines>
            </method>
            <method name="set_IsSelected" signature="(...)" line-rate="1" branch-rate="1" complexity="1">
              <lines>
                <line number="12" hits="836" branch="false" />
                <line number="13" hits="836" branch="false" />
                <line number="14" hits="836" branch="false" />
                <line number="15" hits="836" branch="false" />
              </lines>
            </method>
            <method name="get_IsUpdated" signature="()" line-rate="0" branch-rate="1" complexity="1">
              <lines>
                <line number="21" hits="0" branch="false" />
              </lines>
            </method>
            <method name="set_IsUpdated" signature="(...)" line-rate="1" branch-rate="1" complexity="1">
              <lines>
                <line number="23" hits="806" branch="false" />
                <line number="24" hits="806" branch="false" />
                <line number="25" hits="806" branch="false" />
                <line number="26" hits="806" branch="false" />
              </lines>
            </method>
            <method name="get_Item" signature="()" line-rate="1" branch-rate="1" complexity="1">
              <lines>
                <line number="32" hits="4140" branch="false" />
              </lines>
            </method>
            <method name="set_Item" signature="(...)" line-rate="1" branch-rate="1" complexity="1">
              <lines>
                <line number="34" hits="801" branch="false" />
                <line number="35" hits="801" branch="false" />
                <line number="36" hits="801" branch="false" />
                <line number="37" hits="801" branch="false" />
              </lines>
            </method>
            <method name=".ctor" signature="(...)" line-rate="1" branch-rate="1" complexity="1">
              <lines>
                <line number="39" hits="801" branch="false" />
                <line number="40" hits="801" branch="false" />
                <line number="41" hits="801" branch="false" />
                <line number="42" hits="801" branch="false" />
                <line number="43" hits="801" branch="false" />
                <line number="44" hits="801" branch="false" />
              </lines>
            </method>
          </methods>
          <lines>
            <line number="10" hits="135" branch="false" />
            <line number="12" hits="836" branch="false" />
            <line number="13" hits="836" branch="false" />
            <line number="14" hits="836" branch="false" />
            <line number="15" hits="836" branch="false" />
            <line number="21" hits="0" branch="false" />
            <line number="23" hits="806" branch="false" />
            <line number="24" hits="806" branch="false" />
            <line number="25" hits="806" branch="false" />
            <line number="26" hits="806" branch="false" />
            <line number="32" hits="4140" branch="false" />
            <line number="34" hits="801" branch="false" />
            <line number="35" hits="801" branch="false" />
            <line number="36" hits="801" branch="false" />
            <line number="37" hits="801" branch="false" />
            <line number="39" hits="801" branch="false" />
            <line number="40" hits="801" branch="false" />
            <line number="41" hits="801" branch="false" />
            <line number="42" hits="801" branch="false" />
            <line number="43" hits="801" branch="false" />
            <line number="44" hits="801" branch="false" />
          </lines>
        </class>
        <class name="Cats_Cafe_Accounting_System.Utilities.ElemTicket" filename="D:\vikto\source\repos\Cats-Cafe-Accounting-System\Cats-Cafe-Accounting-System\Utilities\ElemTicket.cs" line-rate="0.588235294117647" branch-rate="0.5" complexity="6">
          <methods>
            <method name="get_Description" signature="()" line-rate="0" branch-rate="1" complexity="1">
              <lines>
                <line number="10" hits="0" branch="false" />
              </lines>
            </method>
            <method name="set_Description" signature="(...)" line-rate="0" branch-rate="1" complexity="1">
              <lines>
                <line number="12" hits="0" branch="false" />
                <line number="13" hits="0" branch="false" />
                <line number="14" hits="0" branch="false" />
                <line number="15" hits="0" branch="false" />
              </lines>
            </method>
            <method name="get_IsEditable" signature="()" line-rate="0" branch-rate="1" complexity="1">
              <lines>
                <line number="21" hits="0" branch="false" />
              </lines>
            </method>
            <method name="set_IsEditable" signature="(...)" line-rate="1" branch-rate="1" complexity="1">
              <lines>
                <line number="23" hits="34" branch="false" />
                <line number="24" hits="34" branch="false" />
                <line number="25" hits="34" branch="false" />
                <line number="26" hits="34" branch="false" />
              </lines>
            </method>
            <method name=".ctor" signature="(...)" line-rate="0.588235294117647" branch-rate="0.5" complexity="2">
              <lines>
                <line number="7" hits="34" branch="false" />
                <line number="10" hits="0" branch="false" />
                <line number="12" hits="0" branch="false" />
                <line number="13" hits="0" branch="false" />
                <line number="14" hits="0" branch="false" />
                <line number="15" hits="0" branch="false" />
                <line number="21" hits="0" branch="false" />
                <line number="23" hits="34" branch="false" />
                <line number="24" hits="34" branch="false" />
                <line number="25" hits="34" branch="false" />
                <line number="26" hits="34" branch="false" />
                <line number="29" hits="34" branch="false" />
                <line number="30" hits="34" branch="false" />
                <line number="31" hits="34" branch="true" condition-coverage="50% (1/2)" />
                <line number="32" hits="0" branch="false" />
                <line number="33" hits="34" branch="false" />
                <line number="34" hits="34" branch="false" />
              </lines>
            </method>
          </methods>
          <lines>
            <line number="7" hits="34" branch="false" />
            <line number="10" hits="0" branch="false" />
            <line number="12" hits="0" branch="false" />
            <line number="13" hits="0" branch="false" />
            <line number="14" hits="0" branch="false" />
            <line number="15" hits="0" branch="false" />
            <line number="21" hits="0" branch="false" />
            <line number="23" hits="34" branch="false" />
            <line number="24" hits="34" branch="false" />
            <line number="25" hits="34" branch="false" />
            <line number="26" hits="34" branch="false" />
            <line number="29" hits="34" branch="false" />
            <line number="30" hits="34" branch="false" />
            <line number="31" hits="34" branch="true" condition-coverage="50% (1/2)" />
            <line number="32" hits="0" branch="false" />
            <line number="33" hits="34" branch="false" />
            <line number="34" hits="34" branch="false" />
          </lines>
        </class>
        <class name="Cats_Cafe_Accounting_System.Utilities.FilterElem`1" filename="D:\vikto\source\repos\Cats-Cafe-Accounting-System\Cats-Cafe-Accounting-System\Utilities\FilterElem.cs" line-rate="1" branch-rate="1" complexity="5">
          <methods>
            <method name="get_IsSelected" signature="()" line-rate="1" branch-rate="1" complexity="1">
              <lines>
                <line number="10" hits="2520" branch="false" />
              </lines>
            </method>
            <method name="set_IsSelected" signature="(...)" line-rate="1" branch-rate="1" complexity="1">
              <lines>
                <line number="12" hits="938" branch="false" />
                <line number="13" hits="938" branch="false" />
                <line number="14" hits="938" branch="false" />
                <line number="15" hits="938" branch="false" />
              </lines>
            </method>
            <method name="get_Item" signature="()" line-rate="1" branch-rate="1" complexity="1">
              <lines>
                <line number="20" hits="5178" branch="false" />
              </lines>
            </method>
            <method name="set_Item" signature="(...)" line-rate="1" branch-rate="1" complexity="1">
              <lines>
                <line number="22" hits="880" branch="false" />
                <line number="23" hits="880" branch="false" />
                <line number="24" hits="880" branch="false" />
                <line number="25" hits="880" branch="false" />
              </lines>
            </method>
            <method name=".ctor" signature="(...)" line-rate="1" branch-rate="1" complexity="1">
              <lines>
                <line number="27" hits="880" branch="false" />
                <line number="28" hits="880" branch="false" />
                <line number="29" hits="880" branch="false" />
                <line number="30" hits="880" branch="false" />
                <line number="31" hits="880" branch="false" />
              </lines>
            </method>
          </methods>
          <lines>
            <line number="10" hits="2520" branch="false" />
            <line number="12" hits="938" branch="false" />
            <line number="13" hits="938" branch="false" />
            <line number="14" hits="938" branch="false" />
            <line number="15" hits="938" branch="false" />
            <line number="20" hits="5178" branch="false" />
            <line number="22" hits="880" branch="false" />
            <line number="23" hits="880" branch="false" />
            <line number="24" hits="880" branch="false" />
            <line number="25" hits="880" branch="false" />
            <line number="27" hits="880" branch="false" />
            <line number="28" hits="880" branch="false" />
            <line number="29" hits="880" branch="false" />
            <line number="30" hits="880" branch="false" />
            <line number="31" hits="880" branch="false" />
          </lines>
        </class>
        <class name="Cats_Cafe_Accounting_System.Utilities.MyButton" filename="D:\vikto\source\repos\Cats-Cafe-Accounting-System\Cats-Cafe-Accounting-System\Utilities\MyButton.cs" line-rate="0" branch-rate="1" complexity="1">
          <methods>
            <method name=".cctor" signature="()" line-rate="0" branch-rate="1" complexity="1">
              <lines>
                <line number="9" hits="0" branch="false" />
                <line number="10" hits="0" branch="false" />
                <line number="11" hits="0" branch="false" />
              </lines>
            </method>
          </methods>
          <lines>
            <line number="9" hits="0" branch="false" />
            <line number="10" hits="0" branch="false" />
            <line number="11" hits="0" branch="false" />
          </lines>
        </class>
        <class name="Cats_Cafe_Accounting_System.Utilities.SecureStringBinding" filename="D:\vikto\source\repos\Cats-Cafe-Accounting-System\Cats-Cafe-Accounting-System\Utilities\SecureStringBinding.cs" line-rate="0" branch-rate="0" complexity="13">
          <methods>
            <method name="GetSecureText" signature="(...)" line-rate="0" branch-rate="1" complexity="1">
              <lines>
                <line number="13" hits="0" branch="false" />
                <line number="14" hits="0" branch="false" />
                <line number="15" hits="0" branch="false" />
              </lines>
            </method>
            <method name="SetSecureText" signature="(...)" line-rate="0" branch-rate="1" complexity="1">
              <lines>
                <line number="18" hits="0" branch="false" />
                <line number="19" hits="0" branch="false" />
                <line number="20" hits="0" branch="false" />
              </lines>
            </method>
            <method name="OnSecureTextChanged" signature="(...)" line-rate="0" branch-rate="0" complexity="6">
              <lines>
                <line number="23" hits="0" branch="false" />
                <line number="24" hits="0" branch="true" condition-coverage="0% (0/2)" />
                <line number="25" hits="0" branch="false" />
                <line number="26" hits="0" branch="true" condition-coverage="0% (0/2)" />
                <line number="27" hits="0" branch="true" condition-coverage="0% (0/2)" />
                <line number="28" hits="0" branch="false" />
                <line number="29" hits="0" branch="false" />
              </lines>
            </method>
            <method name="OnSecureTextPasswordChanged" signature="(...)" line-rate="0" branch-rate="0" complexity="2">
              <lines>
                <line number="32" hits="0" branch="false" />
                <line number="33" hits="0" branch="true" condition-coverage="0% (0/2)" />
                <line number="34" hits="0" branch="false" />
                <line number="35" hits="0" branch="false" />
                <line number="36" hits="0" branch="false" />
                <line number="37" hits="0" branch="false" />
              </lines>
            </method>
[...]
            <line number="166" hits="1" branch="false" />
            <line number="167" hits="1" branch="false" />
            <line number="168" hits="1" branch="false" />
            <line number="169" hits="1" branch="false" />
            <line number="170" hits="1" branch="false" />
            <line number="171" hits="1" branch="false" />
            <line number="172" hits="1" branch="false" />
            <line number="173" hits="1" branch="false" />
            <line number="174" hits="1" branch="false" />
            <line number="178" hits="1" branch="false" />
            <line number="179" hits="1" branch="false" />
            <line number="180" hits="1" branch="false" />
            <line number="181" hits="1" branch="false" />
            <line number="182" hits="1" branch="false" />
            <line number="183" hits="1" branch="false" />
            <line number="184" hits="1" branch="false" />
            <line number="185" hits="1" branch="false" />
            <line number="186" hits="1" branch="false" />
            <line number="187" hits="1" branch="false" />
            <line number="188" hits="1" branch="false" />
            <line number="189" hits="1" branch="false" />
            <line number="190" hits="1" branch="false" />
            <line number="191" hits="1" branch="false" />
            <line number="192" hits="1" branch="false" />
            <line number="195" hits="1" branch="false" />
            <line number="196" hits="1" branch="false" />
            <line number="197" hits="1" branch="false" />
            <line number="198" hits="1" branch="false" />
            <line number="199" hits="1" branch="false" />
            <line number="200" hits="1" branch="false" />
            <line number="201" hits="1" branch="false" />
            <line number="202" hits="1" branch="false" />
            <line number="205" hits="1" branch="false" />
            <line number="206" hits="1" branch="false" />
            <line number="207" hits="1" branch="false" />
            <line number="208" hits="1" branch="false" />
            <line number="209" hits="1" branch="false" />
            <line number="210" hits="1" branch="false" />
            <line number="211" hits="1" branch="false" />
            <line number="212" hits="1" branch="false" />
            <line number="213" hits="1" branch="false" />
            <line number="214" hits="1" branch="false" />
            <line number="215" hits="1" branch="false" />
            <line number="216" hits="1" branch="false" />
            <line number="217" hits="1" branch="false" />
            <line number="218" hits="1" branch="false" />
            <line number="219" hits="1" branch="false" />
            <line number="220" hits="1" branch="false" />
            <line number="221" hits="1" branch="false" />
            <line number="222" hits="1" branch="false" />
            <line number="223" hits="1" branch="false" />
            <line number="224" hits="1" branch="false" />
            <line number="225" hits="1" branch="false" />
            <line number="226" hits="1" branch="false" />
            <line number="227" hits="1" branch="false" />
            <line number="228" hits="1" branch="false" />
            <line number="229" hits="1" branch="false" />
            <line number="230" hits="1" branch="false" />
            <line number="231" hits="1" branch="false" />
            <line number="232" hits="1" branch="false" />
            <line number="233" hits="1" branch="false" />
            <line number="234" hits="1" branch="false" />
            <line number="235" hits="1" branch="false" />
            <line number="236" hits="1" branch="false" />
            <line number="237" hits="1" branch="false" />
            <line number="238" hits="1" branch="false" />
            <line number="239" hits="1" branch="false" />
            <line number="240" hits="1" branch="false" />
            <line number="244" hits="1" branch="false" />
            <line number="245" hits="1" branch="false" />
            <line number="246" hits="1" branch="false" />
            <line number="247" hits="1" branch="false" />
            <line number="248" hits="1" branch="false" />
            <line number="249" hits="1" branch="false" />
            <line number="250" hits="1" branch="false" />
            <line number="251" hits="1" branch="false" />
            <line number="252" hits="1" branch="false" />
            <line number="253" hits="1" branch="false" />
            <line number="254" hits="1" branch="false" />
            <line number="255" hits="1" branch="false" />
            <line number="256" hits="1" branch="false" />
            <line number="257" hits="1" branch="false" />
            <line number="258" hits="1" branch="false" />
            <line number="259" hits="1" branch="false" />
            <line number="260" hits="1" branch="false" />
            <line number="261" hits="1" branch="false" />
            <line number="262" hits="1" branch="false" />
            <line number="263" hits="1" branch="false" />
            <line number="264" hits="1" branch="false" />
            <line number="265" hits="1" branch="false" />
            <line number="269" hits="1" branch="false" />
            <line number="270" hits="1" branch="false" />
            <line number="271" hits="1" branch="false" />
            <line number="272" hits="1" branch="false" />
            <line number="273" hits="1" branch="false" />
            <line number="274" hits="1" branch="false" />
            <line number="275" hits="1" branch="false" />
            <line number="276" hits="1" branch="false" />
            <line number="277" hits="1" branch="false" />
            <line number="278" hits="1" branch="false" />
            <line number="279" hits="1" branch="false" />
            <line number="280" hits="1" branch="false" />
            <line number="281" hits="1" branch="false" />
            <line number="282" hits="1" branch="false" />
            <line number="283" hits="1" branch="false" />
            <line number="284" hits="1" branch="false" />
            <line number="285" hits="1" branch="false" />
            <line number="286" hits="1" branch="false" />
            <line number="287" hits="1" branch="false" />
            <line number="291" hits="1" branch="false" />
            <line number="292" hits="1" branch="false" />
            <line number="293" hits="1" branch="false" />
            <line number="294" hits="1" branch="false" />
            <line number="295" hits="1" branch="false" />
            <line number="296" hits="1" branch="false" />
            <line number="297" hits="1" branch="false" />
            <line number="298" hits="1" branch="false" />
            <line number="299" hits="1" branch="false" />
            <line number="300" hits="1" branch="false" />
            <line number="301" hits="1" branch="false" />
            <line number="302" hits="1" branch="false" />
            <line number="303" hits="1" branch="false" />
            <line number="304" hits="1" branch="false" />
            <line number="305" hits="1" branch="false" />
            <line number="306" hits="1" branch="false" />
            <line number="307" hits="1" branch="false" />
            <line number="308" hits="1" branch="false" />
            <line number="309" hits="1" branch="false" />
            <line number="313" hits="1" branch="false" />
            <line number="314" hits="1" branch="false" />
            <line number="315" hits="1" branch="false" />
            <line number="316" hits="1" branch="false" />
            <line number="317" hits="1" branch="false" />
            <line number="318" hits="1" branch="false" />
            <line number="319" hits="1" branch="false" />
            <line number="320" hits="1" branch="false" />
            <line number="321" hits="1" branch="false" />
            <line number="322" hits="1" branch="false" />
            <line number="323" hits="1" branch="false" />
            <line number="324" hits="1" branch="false" />
            <line number="325" hits="1" branch="false" />
            <line number="326" hits="1" branch="false" />
            <line number="327" hits="1" branch="false" />
            <line number="328" hits="1" branch="false" />
            <line number="329" hits="1" branch="false" />
            <line number="330" hits="1" branch="false" />
            <line number="331" hits="1" branch="false" />
            <line number="335" hits="1" branch="false" />
            <line number="336" hits="1" branch="false" />
            <line number="337" hits="1" branch="false" />
            <line number="338" hits="1" branch="false" />
            <line number="339" hits="1" branch="false" />
            <line number="340" hits="1" branch="false" />
            <line number="341" hits="1" branch="false" />
            <line number="342" hits="1" branch="false" />
            <line number="343" hits="1" branch="false" />
            <line number="344" hits="1" branch="false" />
            <line number="345" hits="1" branch="false" />
            <line number="346" hits="1" branch="false" />
            <line number="347" hits="1" branch="false" />
            <line number="348" hits="1" branch="false" />
            <line number="349" hits="1" branch="false" />
            <line number="350" hits="1" branch="false" />
            <line number="351" hits="1" branch="false" />
            <line number="352" hits="1" branch="false" />
            <line number="353" hits="1" branch="false" />
            <line number="357" hits="1" branch="false" />
            <line number="358" hits="1" branch="false" />
            <line number="359" hits="1" branch="false" />
            <line number="360" hits="1" branch="false" />
            <line number="361" hits="1" branch="false" />
            <line number="365" hits="1" branch="false" />
            <line number="366" hits="1" branch="false" />
            <line number="367" hits="1" branch="false" />
            <line number="368" hits="1" branch="false" />
            <line number="369" hits="1" branch="false" />
            <line number="373" hits="1" branch="false" />
            <line number="374" hits="1" branch="false" />
            <line number="375" hits="1" branch="false" />
            <line number="376" hits="1" branch="false" />
            <line number="379" hits="1" branch="false" />
            <line number="380" hits="1" branch="false" />
            <line number="382" hits="1" branch="false" />
            <line number="383" hits="1" branch="false" />
            <line number="384" hits="1" branch="false" />
            <line number="388" hits="1" branch="false" />
            <line number="389" hits="1" branch="false" />
            <line number="390" hits="1" branch="false" />
            <line number="391" hits="1" branch="false" />
            <line number="394" hits="1" branch="false" />
            <line number="395" hits="1" branch="false" />
            <line number="397" hits="1" branch="false" />
            <line number="398" hits="1" branch="false" />
            <line number="399" hits="1" branch="false" />
            <line number="403" hits="1" branch="false" />
            <line number="404" hits="1" branch="false" />
            <line number="405" hits="1" branch="false" />
            <line number="406" hits="1" branch="false" />
            <line number="409" hits="1" branch="false" />
            <line number="410" hits="1" branch="false" />
            <line number="412" hits="1" branch="false" />
            <line number="413" hits="1" branch="false" />
            <line number="414" hits="1" branch="false" />
            <line number="418" hits="1" branch="false" />
            <line number="419" hits="1" branch="false" />
            <line number="420" hits="1" branch="false" />
            <line number="421" hits="1" branch="false" />
            <line number="424" hits="1" branch="false" />
            <line number="425" hits="1" branch="false" />
            <line number="427" hits="1" branch="false" />
            <line number="428" hits="1" branch="false" />
            <line number="429" hits="1" branch="false" />
            <line number="433" hits="1" branch="false" />
            <line number="434" hits="1" branch="false" />
            <line number="435" hits="1" branch="false" />
            <line number="436" hits="1" branch="false" />
            <line number="439" hits="1" branch="false" />
            <line number="440" hits="1" branch="false" />
            <line number="442" hits="1" branch="false" />
            <line number="443" hits="1" branch="false" />
            <line number="444" hits="1" branch="false" />
            <line number="448" hits="1" branch="false" />
            <line number="449" hits="1" branch="false" />
            <line number="450" hits="1" branch="false" />
            <line number="451" hits="1" branch="false" />
            <line number="454" hits="1" branch="false" />
            <line number="455" hits="1" branch="false" />
            <line number="457" hits="1" branch="false" />
            <line number="458" hits="1" branch="false" />
            <line number="459" hits="1" branch="false" />
            <line number="462" hits="1" branch="false" />
            <line number="463" hits="1" branch="false" />
            <line number="464" hits="1" branch="false" />
            <line number="465" hits="1" branch="false" />
            <line number="466" hits="1" branch="false" />
            <line number="467" hits="1" branch="false" />
            <line number="468" hits="1" branch="false" />
            <line number="469" hits="1" branch="false" />
            <line number="470" hits="1" branch="false" />
            <line number="471" hits="1" branch="false" />
            <line number="472" hits="1" branch="false" />
            <line number="473" hits="1" branch="false" />
            <line number="474" hits="1" branch="false" />
            <line number="475" hits="1" branch="false" />
            <line number="476" hits="1" branch="false" />
            <line number="477" hits="1" branch="false" />
            <line number="478" hits="1" branch="false" />
            <line number="479" hits="1" branch="false" />
            <line number="480" hits="1" branch="false" />
            <line number="481" hits="1" branch="false" />
            <line number="482" hits="1" branch="false" />
            <line number="483" hits="1" branch="false" />
            <line number="484" hits="1" branch="false" />
            <line number="485" hits="1" branch="false" />
            <line number="486" hits="1" branch="false" />
            <line number="487" hits="1" branch="false" />
            <line number="488" hits="1" branch="false" />
            <line number="489" hits="1" branch="false" />
            <line number="490" hits="1" branch="false" />
            <line number="491" hits="1" branch="false" />
            <line number="492" hits="1" branch="false" />
            <line number="493" hits="1" branch="false" />
            <line number="495" hits="1" branch="false" />
            <line number="496" hits="1" branch="false" />
            <line number="497" hits="1" branch="false" />
            <line number="499" hits="1" branch="false" />
            <line number="500" hits="1" branch="false" />
            <line number="501" hits="1" branch="false" />
            <line number="504" hits="1" branch="false" />
            <line number="505" hits="1" branch="false" />
            <line number="506" hits="1" branch="false" />
            <line number="507" hits="1" branch="false" />
            <line number="508" hits="1" branch="false" />
            <line number="509" hits="1" branch="false" />
            <line number="510" hits="1" branch="false" />
            <line number="511" hits="1" branch="false" />
            <line number="512" hits="1" branch="false" />
            <line number="513" hits="1" branch="false" />
            <line number="514" hits="1" branch="false" />
            <line number="515" hits="1" branch="false" />
            <line number="516" hits="1" branch="false" />
            <line number="517" hits="1" branch="false" />
            <line number="518" hits="1" branch="false" />
            <line number="519" hits="1" branch="false" />
            <line number="520" hits="1" branch="false" />
            <line number="521" hits="1" branch="false" />
            <line number="522" hits="1" branch="false" />
            <line number="523" hits="1" branch="false" />
            <line number="524" hits="1" branch="false" />
            <line number="525" hits="1" branch="false" />
            <line number="526" hits="1" branch="false" />
            <line number="527" hits="1" branch="false" />
            <line number="528" hits="1" branch="false" />
            <line number="529" hits="1" branch="false" />
            <line number="530" hits="1" branch="false" />
            <line number="531" hits="1" branch="false" />
            <line number="532" hits="1" branch="false" />
            <line number="533" hits="1" branch="false" />
            <line number="534" hits="1" branch="false" />
            <line number="535" hits="1" branch="false" />
            <line number="537" hits="1" branch="false" />
            <line number="538" hits="1" branch="false" />
            <line number="539" hits="1" branch="false" />
            <line number="541" hits="1" branch="false" />
            <line number="542" hits="1" branch="false" />
            <line number="543" hits="1" branch="false" />
            <line number="547" hits="1" branch="false" />
            <line number="548" hits="1" branch="false" />
            <line number="549" hits="1" branch="false" />
            <line number="550" hits="1" branch="false" />
            <line number="551" hits="1" branch="false" />
            <line number="552" hits="1" branch="false" />
            <line number="553" hits="1" branch="false" />
            <line number="554" hits="1" branch="false" />
            <line number="555" hits="1" branch="false" />
            <line number="556" hits="1" branch="false" />
            <line number="557" hits="1" branch="false" />
            <line number="558" hits="1" branch="false" />
            <line number="559" hits="1" branch="false" />
            <line number="560" hits="1" branch="false" />
            <line number="561" hits="1" branch="false" />
            <line number="562" hits="1" branch="false" />
            <line number="563" hits="1" branch="false" />
            <line number="564" hits="1" branch="false" />
            <line number="565" hits="1" branch="false" />
            <line number="566" hits="1" branch="false" />
            <line number="567" hits="1" branch="false" />
            <line number="568" hits="1" branch="false" />
            <line number="569" hits="1" branch="false" />
            <line number="570" hits="1" branch="false" />
            <line number="571" hits="1" branch="false" />
            <line number="572" hits="1" branch="false" />
            <line number="573" hits="1" branch="false" />
            <line number="574" hits="1" branch="false" />
            <line number="575" hits="1" branch="false" />
            <line number="576" hits="1" branch="false" />
            <line number="577" hits="1" branch="false" />
            <line number="578" hits="1" branch="false" />
            <line number="580" hits="1" branch="false" />
            <line number="581" hits="1" branch="false" />
            <line number="583" hits="1" branch="false" />
            <line number="584" hits="1" branch="false" />
            <line number="585" hits="1" branch="false" />
          </lines>
        </class>
      </classes>
    </package>
  </packages>
</coverage>